<?xml version="1.0" encoding="UTF-8"?>
<coverage generated="1725021398856" clover="3.2.0">
  <project timestamp="1725021398856" name="All files">
    <metrics statements="33" coveredstatements="23" conditionals="24" coveredconditionals="6" methods="19" coveredmethods="12" elements="76" coveredelements="41" complexity="0" loc="33" ncloc="33" packages="7" files="7" classes="7"/>
    <package name="AppBar">
      <metrics statements="4" coveredstatements="4" conditionals="2" coveredconditionals="1" methods="2" coveredmethods="2"/>
      <file name="AppBar.tsx" path="/Users/daniellima/Dropbox/Mac/Documents/Ton/aster-eats/components/AppBar/AppBar.tsx">
        <metrics statements="4" coveredstatements="4" conditionals="2" coveredconditionals="1" methods="2" coveredmethods="2"/>
        <line num="25" count="2" type="stmt"/>
        <line num="26" count="2" type="stmt"/>
        <line num="28" count="2" type="stmt"/>
        <line num="58" count="1" type="stmt"/>
      </file>
    </package>
    <package name="CartItem">
      <metrics statements="5" coveredstatements="5" conditionals="0" coveredconditionals="0" methods="4" coveredmethods="4"/>
      <file name="CartItem.tsx" path="/Users/daniellima/Dropbox/Mac/Documents/Ton/aster-eats/components/CartItem/CartItem.tsx">
        <metrics statements="5" coveredstatements="5" conditionals="0" coveredconditionals="0" methods="4" coveredmethods="4"/>
        <line num="30" count="1" type="stmt"/>
        <line num="36" count="4" type="stmt"/>
        <line num="69" count="1" type="stmt"/>
        <line num="86" count="1" type="stmt"/>
        <line num="101" count="1" type="stmt"/>
      </file>
    </package>
    <package name="CartList">
      <metrics statements="5" coveredstatements="5" conditionals="0" coveredconditionals="0" methods="3" coveredmethods="3"/>
      <file name="CartList.tsx" path="/Users/daniellima/Dropbox/Mac/Documents/Ton/aster-eats/components/CartList/CartList.tsx">
        <metrics statements="5" coveredstatements="5" conditionals="0" coveredconditionals="0" methods="3" coveredmethods="3"/>
        <line num="7" count="1" type="stmt"/>
        <line num="13" count="1" type="stmt"/>
        <line num="15" count="1" type="stmt"/>
        <line num="19" count="2" type="stmt"/>
        <line num="26" count="3" type="stmt"/>
      </file>
    </package>
    <package name="Product">
      <metrics statements="4" coveredstatements="3" conditionals="0" coveredconditionals="0" methods="2" coveredmethods="1"/>
      <file name="Product.tsx" path="/Users/daniellima/Dropbox/Mac/Documents/Ton/aster-eats/components/Product/Product.tsx">
        <metrics statements="4" coveredstatements="3" conditionals="0" coveredconditionals="0" methods="2" coveredmethods="1"/>
        <line num="18" count="1" type="stmt"/>
        <line num="19" count="1" type="stmt"/>
        <line num="21" count="1" type="stmt"/>
        <line num="63" count="0" type="stmt"/>
      </file>
    </package>
    <package name="ProductList">
      <metrics statements="9" coveredstatements="4" conditionals="6" coveredconditionals="5" methods="5" coveredmethods="1"/>
      <file name="ProductList.tsx" path="/Users/daniellima/Dropbox/Mac/Documents/Ton/aster-eats/components/ProductList/ProductList.tsx">
        <metrics statements="9" coveredstatements="4" conditionals="6" coveredconditionals="5" methods="5" coveredmethods="1"/>
        <line num="8" count="1" type="stmt"/>
        <line num="9" count="1" type="stmt"/>
        <line num="11" count="1" type="cond" truecount="3" falsecount="1"/>
        <line num="12" count="0" type="stmt"/>
        <line num="15" count="0" type="stmt"/>
        <line num="16" count="0" type="stmt"/>
        <line num="21" count="1" type="stmt"/>
        <line num="26" count="0" type="stmt"/>
        <line num="27" count="0" type="stmt"/>
      </file>
    </package>
    <package name="ProductSkeleton">
      <metrics statements="2" coveredstatements="2" conditionals="0" coveredconditionals="0" methods="1" coveredmethods="1"/>
      <file name="ProductSkeleton.tsx" path="/Users/daniellima/Dropbox/Mac/Documents/Ton/aster-eats/components/ProductSkeleton/ProductSkeleton.tsx">
        <metrics statements="2" coveredstatements="2" conditionals="0" coveredconditionals="0" methods="1" coveredmethods="1"/>
        <line num="6" count="1" type="stmt"/>
        <line num="7" count="1" type="stmt"/>
      </file>
    </package>
    <package name="ToastAlert">
      <metrics statements="4" coveredstatements="0" conditionals="16" coveredconditionals="0" methods="2" coveredmethods="0"/>
      <file name="ToastAlert.tsx" path="/Users/daniellima/Dropbox/Mac/Documents/Ton/aster-eats/components/ToastAlert/ToastAlert.tsx">
        <metrics statements="4" coveredstatements="0" conditionals="16" coveredconditionals="0" methods="2" coveredmethods="0"/>
        <line num="12" count="0" type="stmt"/>
        <line num="21" count="0" type="stmt"/>
        <line num="23" count="0" type="stmt"/>
        <line num="64" count="0" type="stmt"/>
      </file>
    </package>
  </project>
</coverage>
