{"/Users/daniellima/Dropbox/Mac/Documents/Ton/aster-eats/components/AppBar/AppBar.tsx": {"path":"/Users/daniellima/Dropbox/Mac/Documents/Ton/aster-eats/components/AppBar/AppBar.tsx","statementMap":{"0":{"start":{"line":25,"column":23},"end":{"line":25,"column":32}},"1":{"start":{"line":26,"column":21},"end":{"line":26,"column":55}},"2":{"start":{"line":28,"column":2},"end":{"line":79,"column":4}},"3":{"start":{"line":58,"column":27},"end":{"line":58,"column":54}}},"fnMap":{"0":{"name":"AppBar","decl":{"start":{"line":24,"column":16},"end":{"line":24,"column":22}},"loc":{"start":{"line":24,"column":25},"end":{"line":80,"column":1}},"line":24},"1":{"name":"(anonymous_1)","decl":{"start":{"line":58,"column":21},"end":{"line":58,"column":22}},"loc":{"start":{"line":58,"column":27},"end":{"line":58,"column":54}},"line":58}},"branchMap":{"0":{"loc":{"start":{"line":69,"column":11},"end":{"line":75,"column":11}},"type":"binary-expr","locations":[{"start":{"line":69,"column":11},"end":{"line":69,"column":30}},{"start":{"line":70,"column":12},"end":{"line":74,"column":20}}],"line":69}},"s":{"0":2,"1":2,"2":2,"3":1},"f":{"0":2,"1":1},"b":{"0":[2,0]},"_coverageSchema":"1a1c01bbd47fc00a2c39e90264f33305004495a9","hash":"fa60acc082f163893f3de599fd3420102d98212a"}
,"/Users/daniellima/Dropbox/Mac/Documents/Ton/aster-eats/components/CartItem/CartItem.tsx": {"path":"/Users/daniellima/Dropbox/Mac/Documents/Ton/aster-eats/components/CartItem/CartItem.tsx","statementMap":{"0":{"start":{"line":30,"column":24},"end":{"line":119,"column":1}},"1":{"start":{"line":36,"column":2},"end":{"line":118,"column":4}},"2":{"start":{"line":69,"column":31},"end":{"line":69,"column":63}},"3":{"start":{"line":86,"column":31},"end":{"line":86,"column":58}},"4":{"start":{"line":101,"column":29},"end":{"line":101,"column":54}}},"fnMap":{"0":{"name":"(anonymous_0)","decl":{"start":{"line":30,"column":24},"end":{"line":30,"column":25}},"loc":{"start":{"line":35,"column":21},"end":{"line":119,"column":1}},"line":35},"1":{"name":"(anonymous_1)","decl":{"start":{"line":69,"column":25},"end":{"line":69,"column":26}},"loc":{"start":{"line":69,"column":31},"end":{"line":69,"column":63}},"line":69},"2":{"name":"(anonymous_2)","decl":{"start":{"line":86,"column":25},"end":{"line":86,"column":26}},"loc":{"start":{"line":86,"column":31},"end":{"line":86,"column":58}},"line":86},"3":{"name":"(anonymous_3)","decl":{"start":{"line":101,"column":23},"end":{"line":101,"column":24}},"loc":{"start":{"line":101,"column":29},"end":{"line":101,"column":54}},"line":101}},"branchMap":{},"s":{"0":1,"1":4,"2":1,"3":1,"4":1},"f":{"0":4,"1":1,"2":1,"3":1},"b":{},"_coverageSchema":"1a1c01bbd47fc00a2c39e90264f33305004495a9","hash":"6096145aa86e297126c1ed4e4b0cdf761a57476d"}
,"/Users/daniellima/Dropbox/Mac/Documents/Ton/aster-eats/components/CartList/CartList.tsx": {"path":"/Users/daniellima/Dropbox/Mac/Documents/Ton/aster-eats/components/CartList/CartList.tsx","statementMap":{"0":{"start":{"line":7,"column":24},"end":{"line":29,"column":1}},"1":{"start":{"line":13,"column":6},"end":{"line":13,"column":15}},"2":{"start":{"line":15,"column":2},"end":{"line":28,"column":4}},"3":{"start":{"line":19,"column":8},"end":{"line":24,"column":10}},"4":{"start":{"line":26,"column":30},"end":{"line":26,"column":48}}},"fnMap":{"0":{"name":"(anonymous_0)","decl":{"start":{"line":7,"column":24},"end":{"line":7,"column":25}},"loc":{"start":{"line":7,"column":30},"end":{"line":29,"column":1}},"line":7},"1":{"name":"(anonymous_1)","decl":{"start":{"line":18,"column":18},"end":{"line":18,"column":19}},"loc":{"start":{"line":19,"column":8},"end":{"line":24,"column":10}},"line":19},"2":{"name":"(anonymous_2)","decl":{"start":{"line":26,"column":20},"end":{"line":26,"column":21}},"loc":{"start":{"line":26,"column":30},"end":{"line":26,"column":48}},"line":26}},"branchMap":{},"s":{"0":1,"1":1,"2":1,"3":2,"4":3},"f":{"0":1,"1":2,"2":3},"b":{},"_coverageSchema":"1a1c01bbd47fc00a2c39e90264f33305004495a9","hash":"145bbbdf4eb3ffcc1ed7001e2f66f0a023c79747"}
,"/Users/daniellima/Dropbox/Mac/Documents/Ton/aster-eats/components/Product/Product.tsx": {"path":"/Users/daniellima/Dropbox/Mac/Documents/Ton/aster-eats/components/Product/Product.tsx","statementMap":{"0":{"start":{"line":18,"column":23},"end":{"line":74,"column":1}},"1":{"start":{"line":19,"column":31},"end":{"line":19,"column":40}},"2":{"start":{"line":21,"column":2},"end":{"line":73,"column":4}},"3":{"start":{"line":63,"column":27},"end":{"line":63,"column":49}}},"fnMap":{"0":{"name":"(anonymous_0)","decl":{"start":{"line":18,"column":23},"end":{"line":18,"column":24}},"loc":{"start":{"line":18,"column":50},"end":{"line":74,"column":1}},"line":18},"1":{"name":"(anonymous_1)","decl":{"start":{"line":63,"column":21},"end":{"line":63,"column":22}},"loc":{"start":{"line":63,"column":27},"end":{"line":63,"column":49}},"line":63}},"branchMap":{},"s":{"0":1,"1":1,"2":1,"3":0},"f":{"0":1,"1":0},"b":{},"_coverageSchema":"1a1c01bbd47fc00a2c39e90264f33305004495a9","hash":"04b1e824f8bca1874a58a2f554f15d536a02cbbd"}
,"/Users/daniellima/Dropbox/Mac/Documents/Ton/aster-eats/components/ProductList/ProductList.tsx": {"path":"/Users/daniellima/Dropbox/Mac/Documents/Ton/aster-eats/components/ProductList/ProductList.tsx","statementMap":{"0":{"start":{"line":8,"column":27},"end":{"line":32,"column":1}},"1":{"start":{"line":9,"column":41},"end":{"line":9,"column":55}},"2":{"start":{"line":11,"column":2},"end":{"line":19,"column":3}},"3":{"start":{"line":12,"column":4},"end":{"line":18,"column":6}},"4":{"start":{"line":15,"column":26},"end":{"line":15,"column":45}},"5":{"start":{"line":16,"column":32},"end":{"line":16,"column":47}},"6":{"start":{"line":21,"column":2},"end":{"line":31,"column":4}},"7":{"start":{"line":26,"column":36},"end":{"line":26,"column":75}},"8":{"start":{"line":27,"column":34},"end":{"line":27,"column":70}}},"fnMap":{"0":{"name":"(anonymous_0)","decl":{"start":{"line":8,"column":27},"end":{"line":8,"column":28}},"loc":{"start":{"line":8,"column":33},"end":{"line":32,"column":1}},"line":8},"1":{"name":"(anonymous_1)","decl":{"start":{"line":15,"column":20},"end":{"line":15,"column":21}},"loc":{"start":{"line":15,"column":26},"end":{"line":15,"column":45}},"line":15},"2":{"name":"(anonymous_2)","decl":{"start":{"line":16,"column":22},"end":{"line":16,"column":23}},"loc":{"start":{"line":16,"column":32},"end":{"line":16,"column":47}},"line":16},"3":{"name":"(anonymous_3)","decl":{"start":{"line":26,"column":22},"end":{"line":26,"column":23}},"loc":{"start":{"line":26,"column":36},"end":{"line":26,"column":75}},"line":26},"4":{"name":"(anonymous_4)","decl":{"start":{"line":27,"column":24},"end":{"line":27,"column":25}},"loc":{"start":{"line":27,"column":34},"end":{"line":27,"column":70}},"line":27}},"branchMap":{"0":{"loc":{"start":{"line":11,"column":2},"end":{"line":19,"column":3}},"type":"if","locations":[{"start":{"line":11,"column":2},"end":{"line":19,"column":3}},{"start":{},"end":{}}],"line":11},"1":{"loc":{"start":{"line":11,"column":6},"end":{"line":11,"column":28}},"type":"binary-expr","locations":[{"start":{"line":11,"column":6},"end":{"line":11,"column":15}},{"start":{"line":11,"column":19},"end":{"line":11,"column":28}}],"line":11},"2":{"loc":{"start":{"line":23,"column":7},"end":{"line":29,"column":7}},"type":"binary-expr","locations":[{"start":{"line":23,"column":7},"end":{"line":23,"column":21}},{"start":{"line":24,"column":8},"end":{"line":28,"column":10}}],"line":23}},"s":{"0":1,"1":1,"2":1,"3":0,"4":0,"5":0,"6":1,"7":0,"8":0},"f":{"0":1,"1":0,"2":0,"3":0,"4":0},"b":{"0":[0,1],"1":[1,1],"2":[1,1]},"_coverageSchema":"1a1c01bbd47fc00a2c39e90264f33305004495a9","hash":"92c3afc75b7a6f078e656b872c4f449c5873b758"}
,"/Users/daniellima/Dropbox/Mac/Documents/Ton/aster-eats/components/ProductSkeleton/ProductSkeleton.tsx": {"path":"/Users/daniellima/Dropbox/Mac/Documents/Ton/aster-eats/components/ProductSkeleton/ProductSkeleton.tsx","statementMap":{"0":{"start":{"line":6,"column":31},"end":{"line":47,"column":1}},"1":{"start":{"line":7,"column":2},"end":{"line":46,"column":4}}},"fnMap":{"0":{"name":"(anonymous_0)","decl":{"start":{"line":6,"column":31},"end":{"line":6,"column":32}},"loc":{"start":{"line":6,"column":37},"end":{"line":47,"column":1}},"line":6}},"branchMap":{},"s":{"0":1,"1":1},"f":{"0":1},"b":{},"_coverageSchema":"1a1c01bbd47fc00a2c39e90264f33305004495a9","hash":"90346e2792334fe6e45314bdbb6859ceb2663b71"}
,"/Users/daniellima/Dropbox/Mac/Documents/Ton/aster-eats/components/ToastAlert/ToastAlert.tsx": {"path":"/Users/daniellima/Dropbox/Mac/Documents/Ton/aster-eats/components/ToastAlert/ToastAlert.tsx","statementMap":{"0":{"start":{"line":12,"column":26},"end":{"line":85,"column":1}},"1":{"start":{"line":21,"column":16},"end":{"line":21,"column":26}},"2":{"start":{"line":23,"column":2},"end":{"line":84,"column":4}},"3":{"start":{"line":64,"column":29},"end":{"line":64,"column":44}}},"fnMap":{"0":{"name":"(anonymous_0)","decl":{"start":{"line":12,"column":26},"end":{"line":12,"column":27}},"loc":{"start":{"line":20,"column":25},"end":{"line":85,"column":1}},"line":20},"1":{"name":"(anonymous_1)","decl":{"start":{"line":64,"column":23},"end":{"line":64,"column":24}},"loc":{"start":{"line":64,"column":29},"end":{"line":64,"column":44}},"line":64}},"branchMap":{"0":{"loc":{"start":{"line":14,"column":2},"end":{"line":14,"column":20}},"type":"default-arg","locations":[{"start":{"line":14,"column":11},"end":{"line":14,"column":20}}],"line":14},"1":{"loc":{"start":{"line":18,"column":2},"end":{"line":18,"column":20}},"type":"default-arg","locations":[{"start":{"line":18,"column":15},"end":{"line":18,"column":20}}],"line":18},"2":{"loc":{"start":{"line":47,"column":16},"end":{"line":51,"column":29}},"type":"cond-expr","locations":[{"start":{"line":48,"column":20},"end":{"line":48,"column":31}},{"start":{"line":49,"column":20},"end":{"line":51,"column":29}}],"line":47},"3":{"loc":{"start":{"line":49,"column":20},"end":{"line":51,"column":29}},"type":"cond-expr","locations":[{"start":{"line":50,"column":20},"end":{"line":50,"column":30}},{"start":{"line":51,"column":20},"end":{"line":51,"column":29}}],"line":49},"4":{"loc":{"start":{"line":57,"column":11},"end":{"line":66,"column":11}},"type":"binary-expr","locations":[{"start":{"line":57,"column":11},"end":{"line":57,"column":21}},{"start":{"line":58,"column":12},"end":{"line":65,"column":14}}],"line":57},"5":{"loc":{"start":{"line":62,"column":23},"end":{"line":62,"column":69}},"type":"cond-expr","locations":[{"start":{"line":62,"column":45},"end":{"line":62,"column":56}},{"start":{"line":62,"column":59},"end":{"line":62,"column":69}}],"line":62},"6":{"loc":{"start":{"line":68,"column":9},"end":{"line":81,"column":9}},"type":"binary-expr","locations":[{"start":{"line":68,"column":9},"end":{"line":68,"column":20}},{"start":{"line":69,"column":10},"end":{"line":80,"column":17}}],"line":68},"7":{"loc":{"start":{"line":72,"column":14},"end":{"line":76,"column":27}},"type":"cond-expr","locations":[{"start":{"line":73,"column":18},"end":{"line":73,"column":29}},{"start":{"line":74,"column":18},"end":{"line":76,"column":27}}],"line":72},"8":{"loc":{"start":{"line":74,"column":18},"end":{"line":76,"column":27}},"type":"cond-expr","locations":[{"start":{"line":75,"column":18},"end":{"line":75,"column":28}},{"start":{"line":76,"column":18},"end":{"line":76,"column":27}}],"line":74}},"s":{"0":0,"1":0,"2":0,"3":0},"f":{"0":0,"1":0},"b":{"0":[0],"1":[0],"2":[0,0],"3":[0,0],"4":[0,0],"5":[0,0],"6":[0,0],"7":[0,0],"8":[0,0]}}
}
