TN:
SF:components/AppBar/AppBar.tsx
FN:24,AppBar
FN:58,(anonymous_1)
FNF:2
FNH:2
FNDA:2,AppBar
FNDA:1,(anonymous_1)
DA:25,2
DA:26,2
DA:28,2
DA:58,1
LF:4
LH:4
BRDA:69,0,0,2
BRDA:69,0,1,0
BRF:2
BRH:1
end_of_record
TN:
SF:components/CartItem/CartItem.tsx
FN:30,(anonymous_0)
FN:69,(anonymous_1)
FN:86,(anonymous_2)
FN:101,(anonymous_3)
FNF:4
FNH:4
FNDA:4,(anonymous_0)
FNDA:1,(anonymous_1)
FNDA:1,(anonymous_2)
FNDA:1,(anonymous_3)
DA:30,1
DA:36,4
DA:69,1
DA:86,1
DA:101,1
LF:5
LH:5
BRF:0
BRH:0
end_of_record
TN:
SF:components/CartList/CartList.tsx
FN:7,(anonymous_0)
FN:18,(anonymous_1)
FN:26,(anonymous_2)
FNF:3
FNH:3
FNDA:1,(anonymous_0)
FNDA:2,(anonymous_1)
FNDA:3,(anonymous_2)
DA:7,1
DA:13,1
DA:15,1
DA:19,2
DA:26,3
LF:5
LH:5
BRF:0
BRH:0
end_of_record
TN:
SF:components/Product/Product.tsx
FN:18,(anonymous_0)
FN:63,(anonymous_1)
FNF:2
FNH:1
FNDA:1,(anonymous_0)
FNDA:0,(anonymous_1)
DA:18,1
DA:19,1
DA:21,1
DA:63,0
LF:4
LH:3
BRF:0
BRH:0
end_of_record
TN:
SF:components/ProductList/ProductList.tsx
FN:8,(anonymous_0)
FN:15,(anonymous_1)
FN:16,(anonymous_2)
FN:26,(anonymous_3)
FN:27,(anonymous_4)
FNF:5
FNH:1
FNDA:1,(anonymous_0)
FNDA:0,(anonymous_1)
FNDA:0,(anonymous_2)
FNDA:0,(anonymous_3)
FNDA:0,(anonymous_4)
DA:8,1
DA:9,1
DA:11,1
DA:12,0
DA:15,0
DA:16,0
DA:21,1
DA:26,0
DA:27,0
LF:9
LH:4
BRDA:11,0,0,0
BRDA:11,0,1,1
BRDA:11,1,0,1
BRDA:11,1,1,1
BRDA:23,2,0,1
BRDA:23,2,1,1
BRF:6
BRH:5
end_of_record
TN:
SF:components/ProductSkeleton/ProductSkeleton.tsx
FN:6,(anonymous_0)
FNF:1
FNH:1
FNDA:1,(anonymous_0)
DA:6,1
DA:7,1
LF:2
LH:2
BRF:0
BRH:0
end_of_record
TN:
SF:components/ToastAlert/ToastAlert.tsx
FN:12,(anonymous_0)
FN:64,(anonymous_1)
FNF:2
FNH:0
FNDA:0,(anonymous_0)
FNDA:0,(anonymous_1)
DA:12,0
DA:21,0
DA:23,0
DA:64,0
LF:4
LH:0
BRDA:14,0,0,0
BRDA:18,1,0,0
BRDA:47,2,0,0
BRDA:47,2,1,0
BRDA:49,3,0,0
BRDA:49,3,1,0
BRDA:57,4,0,0
BRDA:57,4,1,0
BRDA:62,5,0,0
BRDA:62,5,1,0
BRDA:68,6,0,0
BRDA:68,6,1,0
BRDA:72,7,0,0
BRDA:72,7,1,0
BRDA:74,8,0,0
BRDA:74,8,1,0
BRF:16
BRH:0
end_of_record
